[[30m[1mdebug[0m] [22m[add property] 3dlut_size[0m
[[30m[1mdebug[0m] [22m[add property] ... defalut:
'64x64x64'[0m
[[30m[1mdebug[0m] [22m[add method] player.allocate_overlay_id(self)[0m
[[30m[1mdebug[0m] [22m[add method] player.audio_add(self, url, flags, title, lang)[0m
[[30m[1mdebug[0m] [22m[add method] player.audio_reload(self, audio_id)[0m
[[30m[1mdebug[0m] [22m[add method] player.audio_remove(self, audio_id)[0m
[[30m[1mdebug[0m] [22m[add property] ad_lavc_ac3drc[0m
[[30m[1mdebug[0m] [22m[add property] ... defalut:
0.0[0m
[[30m[1mdebug[0m] [22m[add property] cache_pause_initial[0m
[[30m[1mdebug[0m] [22m[add property] ... defalut:
False[0m
[[30m[1mdebug[0m] [22m[add property] ao_null_outburst[0m
[[30m[1mdebug[0m] [22m[add property] ... defalut:
256[0m
[[30m[1mdebug[0m] [22m[add property] ao_pcm_append[0m
[[30m[1mdebug[0m] [22m[add property] ... defalut:
False[0m
[[30m[1mdebug[0m] [22m[add property] ao_null_format[0m
[[30m[1mdebug[0m] [22m[add property] ... defalut:
'no'[0m
[[30m[1mdebug[0m] [22m[add property] audio_format[0m
[[30m[1mdebug[0m] [22m[add property] ... defalut:
'no'[0m
[[30m[1mdebug[0m] [22m[add property] ad_queue_max_bytes[0m
[[30m[1mdebug[0m] [22m[add property] ... defalut:
1048576[0m
[[30m[1mdebug[0m] [22m[add property] audio_resample_cutoff[0m
[[30m[1mdebug[0m] [22m[add property] ... defalut:
0.0[0m
[[30m[1mdebug[0m] [22m[add property] autosync[0m
[[30m[1mdebug[0m] [22m[add property] ... defalut:
0[0m
[[30m[1mdebug[0m] [22m[add property] audio_fallback_to_null[0m
[[30m[1mdebug[0m] [22m[add property] ... defalut:
False[0m
[[31m[22merror[0m] [22m[Thread-198] [on_error] AttributeError('mpv property does not exist', -8, (<MpvHandle object at 0x7f5f201c1340>, b'audiofile', 6, <ctypes.c_char_Array_16 object at 0x7f5f143fb4c0>))[0m
[[30m[1mdebug[0m] [22m[add property] ass_styles[0m
[[30m[1mdebug[0m] [22m[add property] ... defalut:
''[0m
[[30m[1mdebug[0m] [22m[add property] cache_on_disk[0m
[[30m[1mdebug[0m] [22m[add property] ... defalut:
False[0m
[[30m[1mdebug[0m] [22m[add property] aspect[0m
[[30m[1mdebug[0m] [22m[add property] ... defalut:
-1.0[0m
[[30m[1mdebug[0m] [22m[add property] cache_pause[0m
[[30m[1mdebug[0m] [22m[add property] ... defalut:
True[0m
[[30m[1mdebug[0m] [22m[add property] ao_pcm_waveheader[0m
[[30m[1mdebug[0m] [22m[add property] ... defalut:
True[0m
[[30m[1mdebug[0m] [22m[add property] audio_client_name[0m
[[30m[1mdebug[0m] [22m[add property] ... defalut:
'mpv'[0m
[[30m[1mdebug[0m] [22m[add property] ao_null_speed[0m
[[30m[1mdebug[0m] [22m[add property] ... defalut:
1.0[0m
[[30m[1mdebug[0m] [22m[add property] audio_file_auto[0m
[[30m[1mdebug[0m] [22m[add property] ... defalut:
False[0m
[[30m[1mdebug[0m] [22m[add property] ass_vsfilter_color_compat[0m
[[30m[1mdebug[0m] [22m[add property] ... defalut:
'basic'[0m
[[30m[1mdebug[0m] [22m[add property] ass_style_override[0m
[[30m[1mdebug[0m] [22m[add property] ... defalut:
True[0m
[[31m[22merror[0m] [22m[Thread-62] [on_error] RuntimeError('Generic error getting or setting mpv property', -11, (<MpvHandle object at 0x7f5f201c1340>, b'ao-mute', 6, <ctypes.c_char_Array_16 object at 0x7f5f1c65d340>))[0m
[[30m[1mdebug[0m] [22m[add property] autofit_larger[0m
[[30m[1mdebug[0m] [22m[add property] ... defalut:
''[0m
[[30m[1mdebug[0m] [22m[add property] background[0m
[[30m[1mdebug[0m] [22m[add property] ... defalut:
'#FF000000'[0m
[[30m[1mdebug[0m] [22m[add property] alsa_mixer_device[0m
[[30m[1mdebug[0m] [22m[add property] ... defalut:
'default'[0m
[[30m[1mdebug[0m] [22m[add property] ass_line_spacing[0m
[[30m[1mdebug[0m] [22m[add property] ... defalut:
0.0[0m
[[30m[1mdebug[0m] [22m[add property] ass_force_style[0m
[[30m[1mdebug[0m] [22m[add property] ... defalut:
[][0m
[[30m[1mdebug[0m] [22m[add property] ass[0m
[[30m[1mdebug[0m] [22m[add property] ... defalut:
True[0m
[[30m[1mdebug[0m] [22m[add method] player.check_core_alive(self)[0m
[[30m[1mdebug[0m] [22m[add method] player.command(self, name, *args)[0m
[[30m[1mdebug[0m] [22m[add property] core_shutdown[0m
[[30m[1mdebug[0m] [22m[add property] ... defalut:
False[0m
[[30m[1mdebug[0m] [22m[add method] player.create_file_overlay(self, filename, size, stride, pos)[0m
[[30m[1mdebug[0m] [22m[add method] player.create_image_overlay(self, img, pos)[0m
[[30m[1mdebug[0m] [22m[add method] player.cycle(self, name, direction)[0m
[[30m[1mdebug[0m] [22m[add method] player.discnav(self, command)[0m
[[30m[1mdebug[0m] [22m[add property] dscale_wtaper[0m
[[30m[1mdebug[0m] [22m[add property] ... defalut:
0.0[0m
[[30m[1mdebug[0m] [22m[add property] audio_device_list[0m
[[30m[1mdebug[0m] [22m[add property] ... defalut:
[{'description': 'Autoselect device', 'name': 'auto'},
 {'description': 'RIG 800HX Analog Stereo',
  'name': 'pulse/alsa_output.usb-Plantronics_RIG_800HX-00.analog-stereo'},
 {'description': 'Built-in Audio Analog Stereo',
  'name': 'pulse/alsa_output.pci-0000_00_1f.3.analog-stereo'},
 {'description': 'TU102 High Definition Audio Controller Digital Stereo (HDMI)',
  'name': 'pulse/alsa_output.pci-0000_01_00.1.hdmi-stereo'},
 {'description': 'Default (alsa)', 'name': 'alsa'},
 {'description': 'Rate Converter Plugin Using Samplerate Library',
  'name': 'alsa/samplerate'},
 {'description': 'Rate Converter Plugin Using Speex Resampler',
  'name': 'alsa/speexrate'},
 {'description': 'JACK Audio Connection Kit', 'name': 'alsa/jack'},
 {'description': 'Open Sound System', 'name': 'alsa/oss'},
 {'description': 'Plugin using Speex DSP (resample, agc, denoise, echo, '
                 'dereverb)',
  'name': 'alsa/speex'},
 {'description': 'Plugin for channel upmix (4,6,8)', 'name': 'alsa/upmix'},
 {'description': 'Plugin for channel downmix (stereo) with a simple '
                 'spacialization',
  'name': 'alsa/vdownmix'},
 {'description': 'HDA Intel PCH, ALC1150 Analog/Default Audio Device',
  'name': 'alsa/sysdefault:CARD=PCH'},
 {'description': 'HDA Intel PCH, ALC1150 Analog/Front output / input',
  'name': 'alsa/front:CARD=PCH,DEV=0'},
 {'description': 'HDA Intel PCH, ALC1150 Analog/2.1 Surround output to Front '
                 'and Subwoofer speakers',
  'name': 'alsa/surround21:CARD=PCH,DEV=0'},
 {'description': 'HDA Intel PCH, ALC1150 Analog/4.0 Surround output to Front '
                 'and Rear speakers',
  'name': 'alsa/surround40:CARD=PCH,DEV=0'},
 {'description': 'HDA Intel PCH, ALC1150 Analog/4.1 Surround output to Front, '
                 'Rear and Subwoofer speakers',
  'name': 'alsa/surround41:CARD=PCH,DEV=0'},
 {'description': 'HDA Intel PCH, ALC1150 Analog/5.0 Surround output to Front, '
                 'Center and Rear speakers',
  'name': 'alsa/surround50:CARD=PCH,DEV=0'},
 {'description': 'HDA Intel PCH, ALC1150 Analog/5.1 Surround output to Front, '
                 'Center, Rear and Subwoofer speakers',
  'name': 'alsa/surround51:CARD=PCH,DEV=0'},
 {'description': 'HDA Intel PCH, ALC1150 Analog/7.1 Surround output to Front, '
                 'Center, Side, Rear and Woofer speakers',
  'name': 'alsa/surround71:CARD=PCH,DEV=0'},
 {'description': 'HDA Intel PCH, ALC1150 Digital/IEC958 (S/PDIF) Digital Audio '
                 'Output',
  'name': 'alsa/iec958:CARD=PCH,DEV=0'},
 {'description': 'HDA Intel PCH/USB Stream Output',
  'name': 'alsa/usbstream:CARD=PCH'},
 {'description': 'HDA NVidia, HDMI 0/HDMI Audio Output',
  'name': 'alsa/hdmi:CARD=NVidia,DEV=0'},
 {'description': 'HDA NVidia, HDMI 1/HDMI Audio Output',
  'name': 'alsa/hdmi:CARD=NVidia,DEV=1'},
 {'description': 'HDA NVidia, HDMI 2/HDMI Audio Output',
  'name': 'alsa/hdmi:CARD=NVidia,DEV=2'},
 {'description': 'HDA NVidia, HDMI 3/HDMI Audio Output',
  'name': 'alsa/hdmi:CARD=NVidia,DEV=3'},
 {'description': 'HDA NVidia, HDMI 4/HDMI Audio Output',
  'name': 'alsa/hdmi:CARD=NVidia,DEV=4'},
 {'description': 'HDA NVidia, HDMI 5/HDMI Audio Output',
  'name': 'alsa/hdmi:CARD=NVidia,DEV=5'},
 {'description': 'HDA NVidia, HDMI 6/HDMI Audio Output',
  'name': 'alsa/hdmi:CARD=NVidia,DEV=6'},
 {'description': 'HDA NVidia/USB Stream Output',
  'name': 'alsa/usbstream:CARD=NVidia'},
 {'description': 'RIG 800HX, USB Audio/Default Audio Device',
  'name': 'alsa/sysdefault:CARD=R800HX'},
 {'description': 'RIG 800HX, USB Audio/Front output / input',
  'name': 'alsa/front:CARD=R800HX,DEV=0'},
 {'description': 'RIG 800HX, USB Audio/2.1 Surround output to Front and '
                 'Subwoofer speakers',
  'name': 'alsa/surround21:CARD=R800HX,DEV=0'},
 {'description': 'RIG 800HX, USB Audio/4.0 Surround output to Front and Rear '
                 'speakers',
  'name': 'alsa/surround40:CARD=R800HX,DEV=0'},
 {'description': 'RIG 800HX, USB Audio/4.1 Surround output to Front, Rear and '
                 'Subwoofer speakers',
  'name': 'alsa/surround41:CARD=R800HX,DEV=0'},
 {'description': 'RIG 800HX, USB Audio/5.0 Surround output to Front, Center '
                 'and Rear speakers',
  'name': 'alsa/surround50:CARD=R800HX,DEV=0'},
 {'description': 'RIG 800HX, USB Audio/5.1 Surround output to Front, Center, '
                 'Rear and Subwoofer speakers',
  'name': 'alsa/surround51:CARD=R800HX,DEV=0'},
 {'description': 'RIG 800HX, USB Audio/7.1 Surround output to Front, Center, '
                 'Side, Rear and Woofer speakers',
  'name': 'alsa/surround71:CARD=R800HX,DEV=0'},
 {'description': 'RIG 800HX, USB Audio/IEC958 (S/PDIF) Digital Audio Output',
  'name': 'alsa/iec958:CARD=R800HX,DEV=0'},
 {'description': 'RIG 800HX/USB Stream Output',
  'name': 'alsa/usbstream:CARD=R800HX'},
 {'description': 'FHD Camera Microphone/USB Stream Output',
  'name': 'alsa/usbstream:CARD=Microphone'},
 {'description': 'Default (jack)', 'name': 'jack'}][0m
[[30m[1mdebug[0m] [22m[add property] ad[0m
[[30m[1mdebug[0m] [22m[add property] ... defalut:
''[0m
[[30m[1mdebug[0m] [22m[add property] alsa_buffer_time[0m
[[30m[1mdebug[0m] [22m[add property] ... defalut:
100000[0m
[[30m[1mdebug[0m] [22m[add property] alsa_periods[0m
[[30m[1mdebug[0m] [22m[add property] ... defalut:
4[0m
[[30m[1mdebug[0m] [22m[add property] cdda_toc_offset[0m
[[30m[1mdebug[0m] [22m[add property] ... defalut:
0[0m
[[30m[1mdebug[0m] [22m[add property] audio_device[0m
[[30m[1mdebug[0m] [22m[add property] ... defalut:
'auto'[0m
[[30m[1mdebug[0m] [22m[add property] cscale[0m
[[30m[1mdebug[0m] [22m[add property] ... defalut:
'bilinear'[0m
[[30m[1mdebug[0m] [22m[add property] cover_art_auto[0m
[[30m[1mdebug[0m] [22m[add property] ... defalut:
'fuzzy'[0m
[[30m[1mdebug[0m] [22m[add property] alsa_non_interleaved[0m
[[30m[1mdebug[0m] [22m[add property] ... defalut:
False[0m
[[30m[1mdebug[0m] [22m[add property] avsync[0m
[[30m[1mdebug[0m] [22m[add property] ... defalut:
None[0m
[[30m[1mdebug[0m] [22m[add property] chapter[0m
[[30m[1mdebug[0m] [22m[add property] ... defalut:
None[0m
[[30m[1mdebug[0m] [22m[add property] demuxer_lavf_list[0m
[[30m[1mdebug[0m] [22m[add property] ... defalut:
['aa',
 'aac',
 'aax',
 'ac3',
 'ace',
 'acm',
 'act',
 'adf',
 'adp',
 'ads',
 'adx',
 'aea',
 'afc',
 'aiff',
 'aix',
 'alp',
 'amr',
 'amrnb',
 'amrwb',
 'anm',
 'apc',
 'ape',
 'apm',
 'apng',
 'aptx',
 'aptx_hd',
 'aqtitle',
 'argo_asf',
 'argo_brp',
 'asf',
 'asf_o',
 'ass',
 'ast',
 'au',
 'av1',
 'avi',
 'avisynth',
 'avr',
 'avs',
 'avs2',
 'avs3',
 'bethsoftvid',
 'bfi',
 'bin',
 'bink',
 'binka',
 'bit',
 'bmv',
 'bfstm',
 'brstm',
 'boa',
 'c93',
 'caf',
 'cavsvideo',
 'cdg',
 'cdxl',
 'cine',
 'codec2',
 'codec2raw',
 'concat',
 'dash',
 'data',
 'daud',
 'dcstr',
 'derf',
 'dfa',
 'dhav',
 'dirac',
 'dnxhd',
 'dsf',
 'dsicin',
 'dss',
 'dts',
 'dtshd',
 'dv',
 'dvbsub',
 'dvbtxt',
 'dxa',
 'ea',
 'ea_cdata',
 'eac3',
 'epaf',
 'ffmetadata',
 'filmstrip',
 'fits',
 'flac',
 'flic',
 'flv',
 'live_flv',
 '4xm',
 'frm',
 'fsb',
 'fwse',
 'g722',
 'g723_1',
 'g726',
 'g726le',
 'g729',
 'gdv',
 'genh',
 'gif',
 'gsm',
 'gxf',
 'h261',
 'h263',
 'h264',
 'hca',
 'hcom',
 'hevc',
 'hls',
 'hnm',
 'ico',
 'idcin',
 'idf',
 'iff',
 'ifv',
 'ilbc',
 'image2',
 'image2pipe',
 'alias_pix',
 'brender_pix',
 'ingenient',
 'ipmovie',
 'ipu',
 'ircam',
 'iss',
 'iv8',
 'ivf',
 'ivr',
 'jacosub',
 'jv',
 'kux',
 'kvag',
 'lmlm4',
 'loas',
 'luodat',
 'lrc',
 'lvf',
 'lxf',
 'm4v',
 'mca',
 'mcc',
 'matroska,webm',
 'mgsts',
 'microdvd',
 'mjpeg',
 'mjpeg_2000',
 'mlp',
 'mlv',
 'mm',
 'mmf',
 'mods',
 'moflex',
 'mov,mp4,m4a,3gp,3g2,mj2',
 'mp3',
 'mpc',
 'mpc8',
 'mpeg',
 'mpegts',
 'mpegtsraw',
 'mpegvideo',
 'mpjpeg',
 'mpl2',
 'mpsub',
 'msf',
 'msnwctcp',
 'msp',
 'mtaf',
 'mtv',
 'musx',
 'mv',
 'mvi',
 'mxf',
 'mxg',
 'nc',
 'nistsphere',
 'nsp',
 'nsv',
 'nut',
 'nuv',
 'obu',
 'ogg',
 'oma',
 'paf',
 'alaw',
 'mulaw',
 'vidc',
 'f64be',
 'f64le',
 'f32be',
 'f32le',
 's32be',
 's32le',
 's24be',
 's24le',
 's16be',
 's16le',
 's8',
 'u32be',
 'u32le',
 'u24be',
 'u24le',
 'u16be',
 'u16le',
 'u8',
 'pjs',
 'pmp',
 'pp_bnk',
 'pva',
 'pvf',
 'qcp',
 'r3d',
 'rawvideo',
 'realtext',
 'redspark',
 'rl2',
 'rm',
 'roq',
 'rpl',
 'rsd',
 'rso',
 'rtp',
 'rtsp',
 's337m',
 'sami',
 'sap',
 'sbc',
 'sbg',
 'scc',
 'sdp',
 'sdr2',
 'sds',
 'sdx',
 'film_cpk',
 'ser',
 'sga',
 'shn',
 'siff',
 'simbiosis_imx',
 'sln',
 'smk',
 'smjpeg',
 'smush',
 'sol',
 'sox',
 'spdif',
 'srt',
 'psxstr',
 'stl',
 'subviewer1',
 'subviewer',
 'sup',
 'svag',
 'svs',
 'swf',
 'tak',
 'tedcaptions',
 'thp',
 '3dostr',
 'tiertexseq',
 'tmv',
 'truehd',
 'tta',
 'txd',
 'tty',
 'ty',
 'v210',
 'v210x',
 'vag',
 'vc1',
 'vc1test',
 'vividas',
 'vivo',
 'vmd',
 'vobsub',
 'voc',
 'vpk',
 'vplayer',
 'vqf',
 'w64',
 'wav',
 'wc3movie',
 'webm_dash_manifest',
 'webvtt',
 'wsaud',
 'wsd',
 'wsvqa',
 'wtv',
 'wve',
 'wv',
 'xa',
 'xbin',
 'xmv',
 'xvag',
 'xwma',
 'yop',
 'yuv4mpegpipe',
 'bmp_pipe',
 'cri_pipe',
 'dds_pipe',
 'dpx_pipe',
 'exr_pipe',
 'gif_pipe',
 'j2k_pipe',
 'jpeg_pipe',
 'jpegls_pipe',
 'pam_pipe',
 'pbm_pipe',
 'pcx_pipe',
 'pgmyuv_pipe',
 'pgm_pipe',
 'pgx_pipe',
 'photocd_pipe',
 'pictor_pipe',
 'png_pipe',
 'ppm_pipe',
 'psd_pipe',
 'qdraw_pipe',
 'sgi_pipe',
 'svg_pipe',
 'sunrast_pipe',
 'tiff_pipe',
 'webp_pipe',
 'xbm_pipe',
 'xpm_pipe',
 'xwd_pipe',
 'libmodplug',
 'alsa',
 'fbdev',
 'iec61883',
 'jack',
 'kmsgrab',
 'lavfi',
 'oss',
 'pulse',
 'video4linux2,v4l2',
 'x11grab'][0m
[[30m[1mdebug[0m] [22m[add property] ass_force_margins[0m
[[30m[1mdebug[0m] [22m[add property] ... defalut:
False[0m
[[30m[1mdebug[0m] [22m[add property] audio_pts[0m
[[30m[1mdebug[0m] [22m[add property] ... defalut:
None[0m
[[30m[1mdebug[0m] [22m[add property] audio_pitch_correction[0m
[[30m[1mdebug[0m] [22m[add property] ... defalut:
True[0m
[[30m[1mdebug[0m] [22m[add property] ad_queue_enable[0m
[[30m[1mdebug[0m] [22m[add property] ... defalut:
False[0m
[[30m[1mdebug[0m] [22m[add property] container_fps[0m
[[30m[1mdebug[0m] [22m[add property] ... defalut:
None[0m
[[30m[1mdebug[0m] [22m[add property] colormatrix[0m
[[30m[1mdebug[0m] [22m[add property] ... defalut:
None[0m
[[30m[1mdebug[0m] [22m[add property] colormatrix_primaries[0m
[[30m[1mdebug[0m] [22m[add property] ... defalut:
None[0m
[[30m[1mdebug[0m] [22m[add property] colormatrix_gamma[0m
[[30m[1mdebug[0m] [22m[add property] ... defalut:
None[0m
[[30m[1mdebug[0m] [22m[add property] cscale_wtaper[0m
[[30m[1mdebug[0m] [22m[add property] ... defalut:
0.0[0m
[[30m[1mdebug[0m] [22m[add property] demuxer_mkv_probe_video_duration[0m
[[30m[1mdebug[0m] [22m[add property] ... defalut:
False[0m
[[30m[1mdebug[0m] [22m[add property] demuxer_lavf_o[0m
[[30m[1mdebug[0m] [22m[add property] ... defalut:
{}[0m
[[30m[1mdebug[0m] [22m[add property] ab_loop_b[0m
[[30m[1mdebug[0m] [22m[add property] ... defalut:
'no'[0m
[[30m[1mdebug[0m] [22m[add property] dscale_taper[0m
[[30m[1mdebug[0m] [22m[add property] ... defalut:
0.0[0m
[[30m[1mdebug[0m] [22m[add property] ass_vsfilter_aspect_compat[0m
[[30m[1mdebug[0m] [22m[add property] ... defalut:
True[0m
[[30m[1mdebug[0m] [22m[add property] cache_speed[0m
[[30m[1mdebug[0m] [22m[add property] ... defalut:
None[0m
[[30m[1mdebug[0m] [22m[add property] alsa_ignore_chmap[0m
[[30m[1mdebug[0m] [22m[add property] ... defalut:
False[0m
[[30m[1mdebug[0m] [22m[add property] audio[0m
[[30m[1mdebug[0m] [22m[add property] ... defalut:
'auto'[0m
[[30m[1mdebug[0m] [22m[add property] cscale_taper[0m
[[30m[1mdebug[0m] [22m[add property] ... defalut:
0.0[0m
[[30m[1mdebug[0m] [22m[add property] drop_frame_count[0m
[[30m[1mdebug[0m] [22m[add property] ... defalut:
None[0m
[[30m[1mdebug[0m] [22m[add property] demuxer_rawaudio_channels[0m
[[30m[1mdebug[0m] [22m[add property] ... defalut:
'stereo'[0m
[[30m[1mdebug[0m] [22m[add property] audio_spdif[0m
[[30m[1mdebug[0m] [22m[add property] ... defalut:
''[0m
[[30m[1mdebug[0m] [22m[add property] ass_hinting[0m
[[30m[1mdebug[0m] [22m[add property] ... defalut:
'none'[0m
[[30m[1mdebug[0m] [22m[add property] autoload_files[0m
[[30m[1mdebug[0m] [22m[add property] ... defalut:
True[0m
[[30m[1mdebug[0m] [22m[add property] audio_speed_correction[0m
[[30m[1mdebug[0m] [22m[add property] ... defalut:
0.0[0m
[[30m[1mdebug[0m] [22m[add property] autofit[0m
[[30m[1mdebug[0m] [22m[add property] ... defalut:
''[0m
[[30m[1mdebug[0m] [22m[add property] chapters_file[0m
[[30m[1mdebug[0m] [22m[add property] ... defalut:
''[0m
[[30m[1mdebug[0m] [22m[add property] config_dir[0m
[[30m[1mdebug[0m] [22m[add property] ... defalut:
''[0m
[[30m[1mdebug[0m] [22m[add property] drm_atomic[0m
[[30m[1mdebug[0m] [22m[add property] ... defalut:
'auto'[0m
[[30m[1mdebug[0m] [22m[add property] demuxer_rawvideo_fps[0m
[[30m[1mdebug[0m] [22m[add property] ... defalut:
25.0[0m
[[30m[1mdebug[0m] [22m[add property] demuxer_termination_timeout[0m
[[30m[1mdebug[0m] [22m[add property] ... defalut:
0.1[0m
[[30m[1mdebug[0m] [22m[add property] dscale_antiring[0m
[[30m[1mdebug[0m] [22m[add property] ... defalut:
0.0[0m
[[30m[1mdebug[0m] [22m[add property] ab_loop_count[0m
[[30m[1mdebug[0m] [22m[add property] ... defalut:
'inf'[0m
[[30m[1mdebug[0m] [22m[add property] chapter_list[0m
[[30m[1mdebug[0m] [22m[add property] ... defalut:
[][0m
[[30m[1mdebug[0m] [22m[add property] demuxer_lavf_probe_info[0m
[[30m[1mdebug[0m] [22m[add property] ... defalut:
'auto'[0m
[[30m[1mdebug[0m] [22m[add property] chapter_seek_threshold[0m
[[30m[1mdebug[0m] [22m[add property] ... defalut:
5.0[0m
[[30m[1mdebug[0m] [22m[add property] cache_dir[0m
[[30m[1mdebug[0m] [22m[add property] ... defalut:
''[0m
[[30m[1mdebug[0m] [22m[add property] ao_null_channel_layouts[0m
[[30m[1mdebug[0m] [22m[add property] ... defalut:
''[0m
[[30m[1mdebug[0m] [22m[add property] deband_range[0m
[[30m[1mdebug[0m] [22m[add property] ... defalut:
16.0[0m
[[30m[1mdebug[0m] [22m[add property] demuxer_start_time[0m
[[30m[1mdebug[0m] [22m[add property] ... defalut:
None[0m
[[30m[1mdebug[0m] [22m[add property] ad_lavc_threads[0m
[[30m[1mdebug[0m] [22m[add property] ... defalut:
1[0m
[[30m[1mdebug[0m] [22m[add property] dither_size_fruit[0m
[[30m[1mdebug[0m] [22m[add property] ... defalut:
6[0m
[[30m[1mdebug[0m] [22m[add property] dvd_device[0m
[[30m[1mdebug[0m] [22m[add property] ... defalut:
''[0m
[[30m[1mdebug[0m] [22m[add property] audio_swresample_o[0m
[[30m[1mdebug[0m] [22m[add property] ... defalut:
{}[0m
[[30m[1mdebug[0m] [22m[add property] audio_channels[0m
[[30m[1mdebug[0m] [22m[add property] ... defalut:
'auto-safe'[0m
[[30m[1mdebug[0m] [22m[add property] alang[0m
[[30m[1mdebug[0m] [22m[add property] ... defalut:
[][0m
[[30m[1mdebug[0m] [22m[add property] drm_draw_plane[0m
[[30m[1mdebug[0m] [22m[add property] ... defalut:
'primary'[0m
[[30m[1mdebug[0m] [22m[add property] demuxer_rawvideo_mp_format[0m
[[30m[1mdebug[0m] [22m[add property] ... defalut:
'no'[0m
[[30m[1mdebug[0m] [22m[add property] ass_shaper[0m
[[30m[1mdebug[0m] [22m[add property] ... defalut:
'complex'[0m
[[30m[1mdebug[0m] [22m[add property] demuxer_mkv_subtitle_preroll_secs[0m
[[30m[1mdebug[0m] [22m[add property] ... defalut:
1.0[0m
[[30m[1mdebug[0m] [22m[add property] cache_pause_wait[0m
[[30m[1mdebug[0m] [22m[add property] ... defalut:
1.0[0m
[[30m[1mdebug[0m] [22m[add property] dvbin_prog[0m
[[30m[1mdebug[0m] [22m[add property] ... defalut:
''[0m
[[30m[1mdebug[0m] [22m[add property] demuxer_lavf_allow_mimetype[0m
[[30m[1mdebug[0m] [22m[add property] ... defalut:
True[0m
[[30m[1mdebug[0m] [22m[add property] dvbin_channel_switch_offset[0m
[[30m[1mdebug[0m] [22m[add property] ... defalut:
0[0m
[[30m[1mdebug[0m] [22m[add property] cache_buffering_state[0m
[[30m[1mdebug[0m] [22m[add property] ... defalut:
None[0m
[[30m[1mdebug[0m] [22m[add property] deband_threshold[0m
[[30m[1mdebug[0m] [22m[add property] ... defalut:
64.0[0m
[[30m[1mdebug[0m] [22m[add property] ad_lavc_downmix[0m
[[30m[1mdebug[0m] [22m[add property] ... defalut:
False[0m
[[30m[1mdebug[0m] [22m[add property] current_tracks[0m
[[30m[1mdebug[0m] [22m[add property] ... defalut:
None[0m
[[30m[1mdebug[0m] [22m[add property] alsa_mixer_index[0m
[[30m[1mdebug[0m] [22m[add property] ... defalut:
0[0m
[[30m[1mdebug[0m] [22m[add property] audio_demuxer[0m
[[30m[1mdebug[0m] [22m[add property] ... defalut:
''[0m
[[30m[1mdebug[0m] [22m[add property] ad_queue_max_samples[0m
[[30m[1mdebug[0m] [22m[add property] ... defalut:
48000[0m
[[30m[1mdebug[0m] [22m[add property] display_fps[0m
[[30m[1mdebug[0m] [22m[add property] ... defalut:
None[0m
[[30m[1mdebug[0m] [22m[add property] cursor_autohide_fs_only[0m
[[30m[1mdebug[0m] [22m[add property] ... defalut:
False[0m
[[30m[1mdebug[0m] [22m[add property] chapter_metadata[0m
[[30m[1mdebug[0m] [22m[add property] ... defalut:
None[0m
[[30m[1mdebug[0m] [22m[add property] cscale_antiring[0m
[[30m[1mdebug[0m] [22m[add property] ... defalut:
0.0[0m
[[30m[1mdebug[0m] [22m[add property] drm_osd_plane_id[0m
[[30m[1mdebug[0m] [22m[add property] ... defalut:
'primary'[0m
[[30m[1mdebug[0m] [22m[add property] alsa_resample[0m
[[30m[1mdebug[0m] [22m[add property] ... defalut:
False[0m
[[30m[1mdebug[0m] [22m[add property] dvbin_card[0m
[[30m[1mdebug[0m] [22m[add property] ... defalut:
0[0m
[[30m[1mdebug[0m] [22m[add property] deinterlace[0m
[[30m[1mdebug[0m] [22m[add property] ... defalut:
False[0m
[[30m[1mdebug[0m] [22m[add property] dvdangle[0m
[[30m[1mdebug[0m] [22m[add property] ... defalut:
1[0m
[[30m[1mdebug[0m] [22m[add property] drm_video_plane_id[0m
[[30m[1mdebug[0m] [22m[add property] ... defalut:
'overlay'[0m
[[30m[1mdebug[0m] [22m[add property] audio_display[0m
[[30m[1mdebug[0m] [22m[add property] ... defalut:
False[0m
[[30m[1mdebug[0m] [22m[add property] audio_reversal_buffer[0m
[[30m[1mdebug[0m] [22m[add property] ... defalut:
67108864[0m
[[30m[1mdebug[0m] [22m[add property] audio_codec[0m
[[30m[1mdebug[0m] [22m[add property] ... defalut:
None[0m
[[30m[1mdebug[0m] [22m[add property] demuxer_readahead_secs[0m
[[30m[1mdebug[0m] [22m[add property] ... defalut:
1.0[0m
[[30m[1mdebug[0m] [22m[add property] deband_grain[0m
[[30m[1mdebug[0m] [22m[add property] ... defalut:
48.0[0m
[[30m[1mdebug[0m] [22m[add property] cdrom_device[0m
[[30m[1mdebug[0m] [22m[add property] ... defalut:
''[0m
[[30m[1mdebug[0m] [22m[add property] autosub_match[0m
[[30m[1mdebug[0m] [22m[add property] ... defalut:
'exact'[0m
[[30m[1mdebug[0m] [22m[add property] demuxer_rawvideo_codec[0m
[[30m[1mdebug[0m] [22m[add property] ... defalut:
''[0m
[[30m[1mdebug[0m] [22m[add property] blend_subtitles[0m
[[30m[1mdebug[0m] [22m[add property] ... defalut:
False[0m
[[30m[1mdebug[0m] [22m[add property] demuxer_cache_duration[0m
[[30m[1mdebug[0m] [22m[add property] ... defalut:
None[0m
[[30m[1mdebug[0m] [22m[add property] cdda_span_a[0m
[[30m[1mdebug[0m] [22m[add property] ... defalut:
0[0m
[[30m[1mdebug[0m] [22m[add property] current_vo[0m
[[30m[1mdebug[0m] [22m[add property] ... defalut:
None[0m
[[30m[1mdebug[0m] [22m[add property] cscale_wparam[0m
[[30m[1mdebug[0m] [22m[add property] ... defalut:
'default'[0m
[[30m[1mdebug[0m] [22m[add property] dump_stats[0m
[[30m[1mdebug[0m] [22m[add property] ... defalut:
''[0m
[[30m[1mdebug[0m] [22m[add property] current_window_scale[0m
[[30m[1mdebug[0m] [22m[add property] ... defalut:
None[0m
[[30m[1mdebug[0m] [22m[add property] dheight[0m
[[30m[1mdebug[0m] [22m[add property] ... defalut:
None[0m
[[30m[1mdebug[0m] [22m[add property] chapters[0m
[[30m[1mdebug[0m] [22m[add property] ... defalut:
None[0m
[[30m[1mdebug[0m] [22m[add property] ao_null_broken_delay[0m
[[30m[1mdebug[0m] [22m[add property] ... defalut:
False[0m
[[30m[1mdebug[0m] [22m[add property] dscale_clamp[0m
[[30m[1mdebug[0m] [22m[add property] ... defalut:
0.0[0m
[[30m[1mdebug[0m] [22m[add property] audio_files[0m
[[30m[1mdebug[0m] [22m[add property] ... defalut:
[][0m
[[30m[1mdebug[0m] [22m[add property] demuxer_rawaudio_rate[0m
[[30m[1mdebug[0m] [22m[add property] ... defalut:
44100[0m
[[30m[1mdebug[0m] [22m[add property] cscale_cutoff[0m
[[30m[1mdebug[0m] [22m[add property] ... defalut:
0.0010000000474974513[0m
[[30m[1mdebug[0m] [22m[add property] clock[0m
[[30m[1mdebug[0m] [22m[add property] ... defalut:
'20:24'[0m
[[30m[1mdebug[0m] [22m[add property] cache_unlink_files[0m
[[30m[1mdebug[0m] [22m[add property] ... defalut:
'immediate'[0m
[[30m[1mdebug[0m] [22m[add property] drm_drmprime_video_plane[0m
[[30m[1mdebug[0m] [22m[add property] ... defalut:
'overlay'[0m
[[30m[1mdebug[0m] [22m[add property] cookies[0m
[[30m[1mdebug[0m] [22m[add property] ... defalut:
False[0m
[[30m[1mdebug[0m] [22m[add property] dvbin_full_transponder[0m
[[30m[1mdebug[0m] [22m[add property] ... defalut:
False[0m
[[30m[1mdebug[0m] [22m[add property] audio_resample_max_output_size[0m
[[30m[1mdebug[0m] [22m[add property] ... defalut:
40.0[0m
[[30m[1mdebug[0m] [22m[add property] demuxer_max_bytes[0m
[[30m[1mdebug[0m] [22m[add property] ... defalut:
157286400[0m
[[30m[1mdebug[0m] [22m[add property] demuxer_mkv_probe_start_time[0m
[[30m[1mdebug[0m] [22m[add property] ... defalut:
True[0m
[[30m[1mdebug[0m] [22m[add property] cuda_decode_device[0m
[[30m[1mdebug[0m] [22m[add property] ... defalut:
'auto'[0m
[[30m[1mdebug[0m] [22m[add property] demuxer_seekable_cache[0m
[[30m[1mdebug[0m] [22m[add property] ... defalut:
'auto'[0m
[[30m[1mdebug[0m] [22m[add property] estimated_display_fps[0m
[[30m[1mdebug[0m] [22m[add property] ... defalut:
None[0m
[[30m[1mdebug[0m] [22m[add property] error_diffusion[0m
[[30m[1mdebug[0m] [22m[add property] ... defalut:
'sierra-lite'[0m
[[30m[1mdebug[0m] [22m[add property] dither_depth[0m
[[30m[1mdebug[0m] [22m[add property] ... defalut:
False[0m
[[30m[1mdebug[0m] [22m[add property] audio_backward_batch[0m
[[30m[1mdebug[0m] [22m[add property] ... defalut:
10[0m
[[30m[1mdebug[0m] [22m[add property] command_list[0m
[[30m[1mdebug[0m] [22m[add property] ... defalut:
[{'args': [], 'name': 'ignore', 'vararg': False},
 {'args': [{'name': 'target', 'optional': False, 'type': 'Time'},
           {'name': 'flags', 'optional': False, 'type': 'Flags'},
           {'name': 'legacy', 'optional': True, 'type': 'Choice'}],
  'name': 'seek',
  'vararg': False},
 {'args': [{'name': 'flags', 'optional': True, 'type': 'Flags'}],
  'name': 'revert-seek',
  'vararg': False},
 {'args': [{'name': 'code', 'optional': True, 'type': 'Integer'}],
  'name': 'quit',
  'vararg': False},
 {'args': [{'name': 'code', 'optional': True, 'type': 'Integer'}],
  'name': 'quit-watch-later',
  'vararg': False},
 {'args': [{'name': 'flags', 'optional': True, 'type': 'Flags'}],
  'name': 'stop',
  'vararg': False},
 {'args': [], 'name': 'frame-step', 'vararg': False},
 {'args': [], 'name': 'frame-back-step', 'vararg': False},
 {'args': [{'name': 'flags', 'optional': True, 'type': 'Choice'}],
  'name': 'playlist-next',
  'vararg': False},
 {'args': [{'name': 'flags', 'optional': True, 'type': 'Choice'}],
  'name': 'playlist-prev',
  'vararg': False},
 {'args': [{'name': 'index', 'optional': False, 'type': 'Choice'}],
  'name': 'playlist-play-index',
  'vararg': False},
 {'args': [], 'name': 'playlist-shuffle', 'vararg': False},
 {'args': [], 'name': 'playlist-unshuffle', 'vararg': False},
 {'args': [{'name': 'skip', 'optional': False, 'type': 'Integer'}],
  'name': 'sub-step',
  'vararg': False},
 {'args': [{'name': 'skip', 'optional': False, 'type': 'Integer'}],
  'name': 'sub-seek',
  'vararg': False},
 {'args': [{'name': 'text', 'optional': False, 'type': 'String'}],
  'name': 'print-text',
  'vararg': False},
 {'args': [{'name': 'text', 'optional': False, 'type': 'String'},
           {'name': 'duration', 'optional': False, 'type': 'Integer'},
           {'name': 'level', 'optional': True, 'type': 'Integer'}],
  'name': 'show-text',
  'vararg': False},
 {'args': [{'name': 'text', 'optional': False, 'type': 'String'}],
  'name': 'expand-text',
  'vararg': False},
 {'args': [{'name': 'text', 'optional': False, 'type': 'String'}],
  'name': 'expand-path',
  'vararg': False},
 {'args': [], 'name': 'show-progress', 'vararg': False},
 {'args': [{'name': 'url', 'optional': False, 'type': 'String'},
           {'name': 'flags', 'optional': True, 'type': 'Choice'},
           {'name': 'title', 'optional': True, 'type': 'String'},
           {'name': 'lang', 'optional': True, 'type': 'String'}],
  'name': 'sub-add',
  'vararg': False},
 {'args': [{'name': 'url', 'optional': False, 'type': 'String'},
           {'name': 'flags', 'optional': True, 'type': 'Choice'},
           {'name': 'title', 'optional': True, 'type': 'String'},
           {'name': 'lang', 'optional': True, 'type': 'String'}],
  'name': 'audio-add',
  'vararg': False},
 {'args': [{'name': 'url', 'optional': False, 'type': 'String'},
           {'name': 'flags', 'optional': True, 'type': 'Choice'},
           {'name': 'title', 'optional': True, 'type': 'String'},
           {'name': 'lang', 'optional': True, 'type': 'String'}],
  'name': 'video-add',
  'vararg': False},
 {'args': [{'name': 'id', 'optional': False, 'type': 'Integer'}],
  'name': 'sub-remove',
  'vararg': False},
 {'args': [{'name': 'id', 'optional': False, 'type': 'Integer'}],
  'name': 'audio-remove',
  'vararg': False},
 {'args': [{'name': 'id', 'optional': False, 'type': 'Integer'}],
  'name': 'video-remove',
  'vararg': False},
 {'args': [{'name': 'id', 'optional': False, 'type': 'Integer'}],
  'name': 'sub-reload',
  'vararg': False},
 {'args': [{'name': 'id', 'optional': False, 'type': 'Integer'}],
  'name': 'audio-reload',
  'vararg': False},
 {'args': [{'name': 'id', 'optional': False, 'type': 'Integer'}],
  'name': 'video-reload',
  'vararg': False},
 {'args': [{'name': 'flags', 'optional': True, 'type': 'Choice'}],
  'name': 'rescan-external-files',
  'vararg': False},
 {'args': [{'name': 'flags', 'optional': False, 'type': 'Flags'},
           {'name': 'legacy', 'optional': True, 'type': 'Choice'}],
  'name': 'screenshot',
  'vararg': False},
 {'args': [{'name': 'filename', 'optional': False, 'type': 'String'},
           {'name': 'flags', 'optional': False, 'type': 'Choice'}],
  'name': 'screenshot-to-file',
  'vararg': False},
 {'args': [{'name': 'flags', 'optional': False, 'type': 'Choice'}],
  'name': 'screenshot-raw',
  'vararg': False},
 {'args': [{'name': 'url', 'optional': False, 'type': 'String'},
           {'name': 'flags', 'optional': True, 'type': 'Choice'},
           {'name': 'options', 'optional': True, 'type': 'Key/value list'}],
  'name': 'loadfile',
  'vararg': False},
 {'args': [{'name': 'url', 'optional': False, 'type': 'String'},
           {'name': 'flags', 'optional': True, 'type': 'Choice'}],
  'name': 'loadlist',
  'vararg': False},
 {'args': [], 'name': 'playlist-clear', 'vararg': False},
 {'args': [{'name': 'index', 'optional': True, 'type': 'Choice'}],
  'name': 'playlist-remove',
  'vararg': False},
 {'args': [{'name': 'index1', 'optional': False, 'type': 'Integer'},
           {'name': 'index2', 'optional': False, 'type': 'Integer'}],
  'name': 'playlist-move',
  'vararg': False},
 {'args': [{'name': 'command', 'optional': False, 'type': 'String'},
           {'name': 'args', 'optional': False, 'type': 'String'}],
  'name': 'run',
  'vararg': True},
 {'args': [{'name': 'args', 'optional': False, 'type': 'String list'},
           {'name': 'playback_only', 'optional': False, 'type': 'Flag'},
           {'name': 'capture_size', 'optional': False, 'type': 'ByteSize'},
           {'name': 'capture_stdout', 'optional': True, 'type': 'Flag'},
           {'name': 'capture_stderr', 'optional': True, 'type': 'Flag'},
           {'name': 'detach', 'optional': True, 'type': 'Flag'},
           {'name': 'env', 'optional': True, 'type': 'String list'},
           {'name': 'stdin_data', 'optional': True, 'type': 'String'},
           {'name': 'passthrough_stdin', 'optional': True, 'type': 'Flag'}],
  'name': 'subprocess',
  'vararg': False},
 {'args': [{'name': 'name', 'optional': False, 'type': 'String'},
           {'name': 'value', 'optional': False, 'type': 'String'}],
  'name': 'set',
  'vararg': False},
 {'args': [{'name': 'name', 'optional': False, 'type': 'String'},
           {'name': 'operation', 'optional': False, 'type': 'String'},
           {'name': 'value', 'optional': False, 'type': 'String'}],
  'name': 'change-list',
  'vararg': False},
 {'args': [{'name': 'name', 'optional': False, 'type': 'String'},
           {'name': 'value', 'optional': False, 'type': 'Double'}],
  'name': 'add',
  'vararg': False},
 {'args': [{'name': 'name', 'optional': False, 'type': 'String'},
           {'name': 'value', 'optional': False, 'type': 'up|down'}],
  'name': 'cycle',
  'vararg': False},
 {'args': [{'name': 'name', 'optional': False, 'type': 'String'},
           {'name': 'value', 'optional': False, 'type': 'Double'}],
  'name': 'multiply',
  'vararg': False},
 {'args': [{'name': 'arg0', 'optional': False, 'type': 'String'},
           {'name': 'arg1', 'optional': False, 'type': 'String'},
           {'name': 'argN', 'optional': False, 'type': 'String'}],
  'name': 'cycle-values',
  'vararg': True},
 {'args': [{'name': 'name', 'optional': False, 'type': 'String'},
           {'name': 'flags', 'optional': True, 'type': 'Flags'}],
  'name': 'enable-section',
  'vararg': False},
 {'args': [{'name': 'name', 'optional': False, 'type': 'String'}],
  'name': 'disable-section',
  'vararg': False},
 {'args': [{'name': 'name', 'optional': False, 'type': 'String'},
           {'name': 'contents', 'optional': False, 'type': 'String'},
           {'name': 'flags', 'optional': True, 'type': 'Choice'}],
  'name': 'define-section',
  'vararg': False},
 {'args': [], 'name': 'ab-loop', 'vararg': False},
 {'args': [], 'name': 'drop-buffers', 'vararg': False},
 {'args': [{'name': 'operation', 'optional': False, 'type': 'String'},
           {'name': 'value', 'optional': False, 'type': 'String'}],
  'name': 'af',
  'vararg': False},
 {'args': [{'name': 'operation', 'optional': False, 'type': 'String'},
           {'name': 'value', 'optional': False, 'type': 'String'}],
  'name': 'vf',
  'vararg': False},
 {'args': [{'name': 'label', 'optional': False, 'type': 'String'},
           {'name': 'command', 'optional': False, 'type': 'String'},
           {'name': 'argument', 'optional': False, 'type': 'String'}],
  'name': 'af-command',
  'vararg': False},
 {'args': [{'name': 'label', 'optional': False, 'type': 'String'},
           {'name': 'command', 'optional': False, 'type': 'String'},
           {'name': 'argument', 'optional': False, 'type': 'String'}],
  'name': 'vf-command',
  'vararg': False},
 {'args': [], 'name': 'ao-reload', 'vararg': False},
 {'args': [{'name': 'name', 'optional': False, 'type': 'String'}],
  'name': 'script-binding',
  'vararg': False},
 {'args': [{'name': 'args', 'optional': False, 'type': 'String'}],
  'name': 'script-message',
  'vararg': True},
 {'args': [{'name': 'target', 'optional': False, 'type': 'String'},
           {'name': 'args', 'optional': False, 'type': 'String'}],
  'name': 'script-message-to',
  'vararg': True},
 {'args': [{'name': 'id', 'optional': False, 'type': 'Integer'},
           {'name': 'x', 'optional': False, 'type': 'Integer'},
           {'name': 'y', 'optional': False, 'type': 'Integer'},
           {'name': 'file', 'optional': False, 'type': 'String'},
           {'name': 'offset', 'optional': False, 'type': 'Integer'},
           {'name': 'fmt', 'optional': False, 'type': 'String'},
           {'name': 'w', 'optional': False, 'type': 'Integer'},
           {'name': 'h', 'optional': False, 'type': 'Integer'},
           {'name': 'stride', 'optional': False, 'type': 'Integer'}],
  'name': 'overlay-add',
  'vararg': False},
 {'args': [{'name': 'id', 'optional': False, 'type': 'Integer'}],
  'name': 'overlay-remove',
  'vararg': False},
 {'args': [{'name': 'id', 'optional': False, 'type': 'Integer64'},
           {'name': 'format', 'optional': False, 'type': 'Choice'},
           {'name': 'data', 'optional': False, 'type': 'String'},
           {'name': 'res_x', 'optional': False, 'type': 'Integer'},
           {'name': 'res_y', 'optional': False, 'type': 'Integer'},
           {'name': 'z', 'optional': False, 'type': 'Integer'},
           {'name': 'hidden', 'optional': False, 'type': 'Flag'},
           {'name': 'compute_bounds', 'optional': False, 'type': 'Flag'}],
  'name': 'osd-overlay',
  'vararg': False},
 {'args': [], 'name': 'write-watch-later-config', 'vararg': False},
 {'args': [{'name': 'filename', 'optional': True, 'type': 'String'}],
  'name': 'delete-watch-later-config',
  'vararg': False},
 {'args': [{'name': 'x', 'optional': False, 'type': 'Integer'},
           {'name': 'y', 'optional': False, 'type': 'Integer'},
           {'name': 'button', 'optional': False, 'type': 'Integer'},
           {'name': 'mode', 'optional': True, 'type': 'Choice'}],
  'name': 'mouse',
  'vararg': False},
 {'args': [{'name': 'name', 'optional': False, 'type': 'String'},
           {'name': 'cmd', 'optional': False, 'type': 'String'}],
  'name': 'keybind',
  'vararg': False},
 {'args': [{'name': 'name', 'optional': False, 'type': 'String'}],
  'name': 'keypress',
  'vararg': False},
 {'args': [{'name': 'name', 'optional': False, 'type': 'String'}],
  'name': 'keydown',
  'vararg': False},
 {'args': [{'name': 'name', 'optional': True, 'type': 'String'}],
  'name': 'keyup',
  'vararg': False},
 {'args': [{'name': 'name', 'optional': False, 'type': 'String'},
           {'name': 'mode', 'optional': True, 'type': 'Choice'}],
  'name': 'apply-profile',
  'vararg': False},
 {'args': [{'name': 'filename', 'optional': False, 'type': 'String'}],
  'name': 'load-script',
  'vararg': False},
 {'args': [{'name': 'start', 'optional': False, 'type': 'Time'},
           {'name': 'end', 'optional': False, 'type': 'Time'},
           {'name': 'filename', 'optional': False, 'type': 'String'}],
  'name': 'dump-cache',
  'vararg': False},
 {'args': [{'name': 'filename', 'optional': False, 'type': 'String'}],
  'name': 'ab-loop-dump-cache',
  'vararg': False},
 {'args': [], 'name': 'ab-loop-align-cache', 'vararg': False}][0m
[[30m[1mdebug[0m] [22m[add property] colormatrix_input_range[0m
[[30m[1mdebug[0m] [22m[add property] ... defalut:
None[0m
[[30m[1mdebug[0m] [22m[add property] demuxer_lavf_buffersize[0m
[[30m[1mdebug[0m] [22m[add property] ... defalut:
32768[0m
[[30m[1mdebug[0m] [22m[add property] cscale_blur[0m
[[30m[1mdebug[0m] [22m[add property] ... defalut:
0.0[0m
[[30m[1mdebug[0m] [22m[add property] demuxer_cache_state[0m
[[30m[1mdebug[0m] [22m[add property] ... defalut:
None[0m
[[30m[1mdebug[0m] [22m[add property] demuxer_lavf_hacks[0m
[[30m[1mdebug[0m] [22m[add property] ... defalut:
True[0m
[[30m[1mdebug[0m] [22m[add property] ao_null_latency[0m
[[30m[1mdebug[0m] [22m[add property] ... defalut:
0.0[0m
[[30m[1mdebug[0m] [22m[add property] audio_wait_open[0m
[[30m[1mdebug[0m] [22m[add property] ... defalut:
0.0[0m
[[30m[1mdebug[0m] [22m[add property] correct_pts[0m
[[30m[1mdebug[0m] [22m[add property] ... defalut:
True[0m
[[30m[1mdebug[0m] [22m[add property] dscale_window[0m
[[30m[1mdebug[0m] [22m[add property] ... defalut:
''[0m
[[30m[1mdebug[0m] [22m[add property] audio_exclusive[0m
[[30m[1mdebug[0m] [22m[add property] ... defalut:
False[0m
[[30m[1mdebug[0m] [22m[add property] dvbin_file[0m
[[30m[1mdebug[0m] [22m[add property] ... defalut:
''[0m
[[30m[1mdebug[0m] [22m[add property] audio_resample_filter_size[0m
[[30m[1mdebug[0m] [22m[add property] ... defalut:
16[0m
[[30m[1mdebug[0m] [22m[add property] drm_mode[0m
